[2025-11-04 14:22:15.147] WM_SETFOCUS received for main window - setting ignore flag for next EN_RETURN
[2025-11-04 14:22:15.147]   Setting ignore flag for next EN_RETURN due to focus change
[2025-11-04 14:22:16.744] WM_COMMAND received: Control ID=1001, Notification=256
[2025-11-04 14:22:16.744]   Edit control EN_RETURN notification - processing
[2025-11-04 14:22:16.744]   EN_RETURN: 回车键被忽略 (焦点变化导致)
[2025-11-04 14:22:17.714] WM_COMMAND received: Control ID=1001, Notification=1024
[2025-11-04 14:22:17.715]   Edit control unknown notification: 1024
[2025-11-04 14:22:17.715] WM_COMMAND received: Control ID=1001, Notification=768
[2025-11-04 14:22:17.716]   Edit control EN_CHANGE notification - processing search
[2025-11-04 14:22:17.716]   EN_CHANGE: 输入字符: 'b'
[2025-11-04 14:22:17.716] SearchAndDisplayResults: 搜索查询 'b'
[2025-11-04 14:22:17.716] SearchAndDisplayResults: 在 14 个快捷方式中搜索匹配项
[2025-11-04 14:22:17.716] SearchAndDisplayResults: 找到前缀匹配 'Blender 4.5'
[2025-11-04 14:22:17.716] SearchAndDisplayResults: 找到子字符串匹配 'funny_explorer.bat - 蹇嵎鏂瑰紡'
[2025-11-04 14:22:17.717] SearchAndDisplayResults: 找到子字符串匹配 'Webots'
[2025-11-04 14:22:17.717] SearchAndDisplayResults: 找到前缀匹配 'Baidu'
[2025-11-04 14:22:17.717] SearchAndDisplayResults: 找到 4 个匹配项
[2025-11-04 14:22:18.822] WM_COMMAND received: Control ID=1001, Notification=1024
[2025-11-04 14:22:18.822]   Edit control unknown notification: 1024
[2025-11-04 14:22:18.822] WM_COMMAND received: Control ID=1001, Notification=768
[2025-11-04 14:22:18.823]   Edit control EN_CHANGE notification - processing search
[2025-11-04 14:22:18.823]   EN_CHANGE: 输入字符: ''
[2025-11-04 14:22:18.823] SearchAndDisplayResults: 搜索查询 ''
[2025-11-04 14:22:18.823] SearchAndDisplayResults: 查询为空，显示最常用的项目
[2025-11-04 14:22:18.824] SearchAndDisplayResults: 显示 14 个最常用项目
[2025-11-04 14:22:18.824] SearchAndDisplayResults: 添加项目 'Blender 4.5' (类型: 2, 使用次数: 0)
[2025-11-04 14:22:18.824] SearchAndDisplayResults: 添加项目 'funny_explorer.bat - 蹇嵎鏂瑰紡' (类型: 2, 使用次数: 0)
[2025-11-04 14:22:18.824] SearchAndDisplayResults: 添加项目 'percipio-viewer.2.6.1.exe - 蹇嵎鏂瑰紡' (类型: 2, 使用次数: 0)
[2025-11-04 14:22:18.824] SearchAndDisplayResults: 添加项目 'Trae' (类型: 2, 使用次数: 0)
[2025-11-04 14:22:18.824] SearchAndDisplayResults: 添加项目 'Webots' (类型: 2, 使用次数: 0)
[2025-11-04 14:22:18.824] SearchAndDisplayResults: 添加项目 'Desktop' (类型: 0, 使用次数: 0)
[2025-11-04 14:22:18.825] SearchAndDisplayResults: 添加项目 'Show Desktop' (类型: 2, 使用次数: 0)
[2025-11-04 14:22:18.825] SearchAndDisplayResults: 添加项目 'Start Menu' (类型: 0, 使用次数: 0)
[2025-11-04 14:22:18.825] SearchAndDisplayResults: 添加项目 'Downloads' (类型: 0, 使用次数: 0)
[2025-11-04 14:22:18.825] SearchAndDisplayResults: 添加项目 'Documents' (类型: 0, 使用次数: 0)
[2025-11-04 14:22:18.825] SearchAndDisplayResults: 添加项目 'Google' (类型: 1, 使用次数: 0)
[2025-11-04 14:22:18.825] SearchAndDisplayResults: 添加项目 'Baidu' (类型: 1, 使用次数: 0)
[2025-11-04 14:22:18.825] SearchAndDisplayResults: 添加项目 'Explorer' (类型: 2, 使用次数: 0)
[2025-11-04 14:22:18.825] SearchAndDisplayResults: 添加项目 'Notepad' (类型: 2, 使用次数: 0)
[2025-11-04 14:22:19.570] WM_COMMAND received: Control ID=1001, Notification=1024
[2025-11-04 14:22:19.570]   Edit control unknown notification: 1024
[2025-11-04 14:22:19.572] WM_COMMAND received: Control ID=1001, Notification=768
[2025-11-04 14:22:19.572]   Edit control EN_CHANGE notification - processing search
[2025-11-04 14:22:19.573]   EN_CHANGE: 输入字符: 'b'
[2025-11-04 14:22:19.573] SearchAndDisplayResults: 搜索查询 'b'
[2025-11-04 14:22:19.573] SearchAndDisplayResults: 在 14 个快捷方式中搜索匹配项
[2025-11-04 14:22:19.574] SearchAndDisplayResults: 找到前缀匹配 'Blender 4.5'
[2025-11-04 14:22:19.574] SearchAndDisplayResults: 找到子字符串匹配 'funny_explorer.bat - 蹇嵎鏂瑰紡'
[2025-11-04 14:22:19.574] SearchAndDisplayResults: 找到子字符串匹配 'Webots'
[2025-11-04 14:22:19.574] SearchAndDisplayResults: 找到前缀匹配 'Baidu'
[2025-11-04 14:22:19.575] SearchAndDisplayResults: 找到 4 个匹配项
[2025-11-04 14:22:19.678] WM_COMMAND received: Control ID=1001, Notification=1024
[2025-11-04 14:22:19.678]   Edit control unknown notification: 1024
[2025-11-04 14:22:19.679] WM_COMMAND received: Control ID=1001, Notification=768
[2025-11-04 14:22:19.679]   Edit control EN_CHANGE notification - processing search
[2025-11-04 14:22:19.679]   EN_CHANGE: 输入字符: 'ba'
[2025-11-04 14:22:19.679] SearchAndDisplayResults: 搜索查询 'ba'
[2025-11-04 14:22:19.679] SearchAndDisplayResults: 在 14 个快捷方式中搜索匹配项
[2025-11-04 14:22:19.680] SearchAndDisplayResults: 找到子字符串匹配 'funny_explorer.bat - 蹇嵎鏂瑰紡'
[2025-11-04 14:22:19.680] SearchAndDisplayResults: 找到前缀匹配 'Baidu'
[2025-11-04 14:22:19.680] SearchAndDisplayResults: 找到 2 个匹配项
[2025-11-04 14:22:19.742] WM_COMMAND received: Control ID=1001, Notification=1024
[2025-11-04 14:22:19.742]   Edit control unknown notification: 1024
[2025-11-04 14:22:19.743] WM_COMMAND received: Control ID=1001, Notification=768
[2025-11-04 14:22:19.744]   Edit control EN_CHANGE notification - processing search
[2025-11-04 14:22:19.744]   EN_CHANGE: 输入字符: 'bai'
[2025-11-04 14:22:19.744] SearchAndDisplayResults: 搜索查询 'bai'
[2025-11-04 14:22:19.744] SearchAndDisplayResults: 在 14 个快捷方式中搜索匹配项
[2025-11-04 14:22:19.745] SearchAndDisplayResults: 找到前缀匹配 'Baidu'
[2025-11-04 14:22:19.745] SearchAndDisplayResults: 找到 1 个匹配项
[2025-11-04 14:22:19.852] WM_COMMAND received: Control ID=1001, Notification=1024
[2025-11-04 14:22:19.853]   Edit control unknown notification: 1024
[2025-11-04 14:22:19.854] WM_COMMAND received: Control ID=1001, Notification=768
[2025-11-04 14:22:19.854]   Edit control EN_CHANGE notification - processing search
[2025-11-04 14:22:19.854]   EN_CHANGE: 输入字符: 'baid'
[2025-11-04 14:22:19.854] SearchAndDisplayResults: 搜索查询 'baid'
[2025-11-04 14:22:19.854] SearchAndDisplayResults: 在 14 个快捷方式中搜索匹配项
[2025-11-04 14:22:19.855] SearchAndDisplayResults: 找到前缀匹配 'Baidu'
[2025-11-04 14:22:19.855] SearchAndDisplayResults: 找到 1 个匹配项
[2025-11-04 14:22:19.911] WM_COMMAND received: Control ID=1001, Notification=1024
[2025-11-04 14:22:19.911]   Edit control unknown notification: 1024
[2025-11-04 14:22:19.914] WM_COMMAND received: Control ID=1001, Notification=768
[2025-11-04 14:22:19.914]   Edit control EN_CHANGE notification - processing search
[2025-11-04 14:22:19.914]   EN_CHANGE: 输入字符: 'baidu'
[2025-11-04 14:22:19.914] SearchAndDisplayResults: 搜索查询 'baidu'
[2025-11-04 14:22:19.914] SearchAndDisplayResults: 在 14 个快捷方式中搜索匹配项
[2025-11-04 14:22:19.915] SearchAndDisplayResults: 找到精确匹配 'Baidu'
[2025-11-04 14:22:19.915] SearchAndDisplayResults: 找到 1 个匹配项
[2025-11-04 14:22:20.246] EditSubclassProc: WM_KEYDOWN with VK_RETURN received
[2025-11-04 14:22:20.247]   EditSubclassProc: Current edit text: 'baidu'
[2025-11-04 14:22:20.247]   EditSubclassProc: Listbox item count: 1
[2025-11-04 14:22:20.247]   EditSubclassProc: Force selecting first item
[2025-11-04 14:22:20.247]   EditSubclassProc: First item text: 'URL: Baidu'
[2025-11-04 14:22:20.247]   EditSubclassProc: Search results not empty, executing first item
[2025-11-04 14:22:20.247] ExecuteSelectedItem: 执行项目 'Baidu' (路径: 'https://www.baidu.com', 类型: 1, 使用次数: 0)
[2025-11-04 14:22:20.247] ExecuteSelectedItem: 执行URL
[2025-11-04 14:22:20.546] ExecuteSelectedItem: ShellExecuteW 返回值: 42
[2025-11-04 14:22:20.546] ExecuteSelectedItem: 更新使用次数为 1
[2025-11-04 14:22:20.546] ExecuteSelectedItem: 执行成功
[2025-11-04 14:22:20.596] WM_COMMAND received: Control ID=1001, Notification=512
[2025-11-04 14:22:20.597]   Edit control unknown notification: 512
[2025-11-04 14:22:22.832] WM_SETFOCUS received for main window - setting ignore flag for next EN_RETURN
[2025-11-04 14:22:22.832]   Setting ignore flag for next EN_RETURN due to focus change
